# JRE version: OpenJDK Runtime Environment Temurin-17.0.10+7 (17.0.10+7) (build 17.0.10+7)
# Java VM: OpenJDK 64-Bit Server VM Temurin-17.0.10+7 (17.0.10+7, mixed mode, emulated-client, tiered, compressed oops, compressed class ptrs, g1 gc, windows-amd64)
GC Precious Log:
 CPUs: 6 total, 6 available
 Memory: 7564M
 Large Page Support: Disabled
 NUMA Support: Disabled
 Compressed Oops: Enabled (32-bit)
 Heap Region Size: 1M
 Heap Min Capacity: 8M
 Heap Initial Capacity: 120M
 Heap Max Capacity: 1G
 Pre-touch: Disabled
 Parallel Workers: 6
 Concurrent Workers: 2
 Concurrent Refinement Workers: 6
 Periodic GC: Disabled
Heap:
 garbage-first heap   total 91136K, used 40542K [0x00000000c0000000, 0x0000000100000000)
  region size 1024K, 1 young (1024K), 0 survivors (0K)
 Metaspace       used 61796K, committed 62592K, reserved 1114112K
  class space    used 7776K, committed 8128K, reserved 1048576K
GC Heap History (20 events):
Event: 886.069 GC heap before
{Heap before GC invocations=57 (full 26):
 garbage-first heap   total 91136K, used 40538K [0x00000000c0000000, 0x0000000100000000)
  region size 1024K, 1 young (1024K), 0 survivors (0K)
 Metaspace       used 61796K, committed 62592K, reserved 1114112K
  class space    used 7776K, committed 8128K, reserved 1048576K
}
Event: 886.104 GC heap after
{Heap after GC invocations=58 (full 27):
 garbage-first heap   total 91136K, used 40538K [0x00000000c0000000, 0x0000000100000000)
  region size 1024K, 0 young (0K), 0 survivors (0K)
 Metaspace       used 61796K, committed 62592K, reserved 1114112K
  class space    used 7776K, committed 8128K, reserved 1048576K
}
Event: 896.327 GC heap before
{Heap before GC invocations=58 (full 27):
 garbage-first heap   total 91136K, used 40538K [0x00000000c0000000, 0x0000000100000000)
  region size 1024K, 1 young (1024K), 0 survivors (0K)
 Metaspace       used 61796K, committed 62592K, reserved 1114112K
  class space    used 7776K, committed 8128K, reserved 1048576K
}
Event: 896.380 GC heap after
{Heap after GC invocations=59 (full 28):
 garbage-first heap   total 91136K, used 40538K [0x00000000c0000000, 0x0000000100000000)
  region size 1024K, 0 young (0K), 0 survivors (0K)
 Metaspace       used 61796K, committed 62592K, reserved 1114112K
  class space    used 7776K, committed 8128K, reserved 1048576K
}
Event: 906.590 GC heap before
{Heap before GC invocations=59 (full 28):
 garbage-first heap   total 91136K, used 40538K [0x00000000c0000000, 0x0000000100000000)
  region size 1024K, 1 young (1024K), 0 survivors (0K)
 Metaspace       used 61796K, committed 62592K, reserved 1114112K
  class space    used 7776K, committed 8128K, reserved 1048576K
}
Event: 906.633 GC heap after
{Heap after GC invocations=60 (full 29):
 garbage-first heap   total 91136K, used 40538K [0x00000000c0000000, 0x0000000100000000)
  region size 1024K, 0 young (0K), 0 survivors (0K)
 Metaspace       used 61796K, committed 62592K, reserved 1114112K
  class space    used 7776K, committed 8128K, reserved 1048576K
}
Event: 966.847 GC heap before
{Heap before GC invocations=60 (full 29):
 garbage-first heap   total 91136K, used 41562K [0x00000000c0000000, 0x0000000100000000)
  region size 1024K, 2 young (2048K), 0 survivors (0K)
 Metaspace       used 61796K, committed 62592K, reserved 1114112K
  class space    used 7776K, committed 8128K, reserved 1048576K
}
Event: 966.940 GC heap after
{Heap after GC invocations=61 (full 30):
 garbage-first heap   total 91136K, used 40569K [0x00000000c0000000, 0x0000000100000000)
  region size 1024K, 0 young (0K), 0 survivors (0K)
 Metaspace       used 61796K, committed 62592K, reserved 1114112K
  class space    used 7776K, committed 8128K, reserved 1048576K
}
Event: 977.124 GC heap before
{Heap before GC invocations=61 (full 30):
 garbage-first heap   total 91136K, used 40569K [0x00000000c0000000, 0x0000000100000000)
  region size 1024K, 1 young (1024K), 0 survivors (0K)
 Metaspace       used 61796K, committed 62592K, reserved 1114112K
  class space    used 7776K, committed 8128K, reserved 1048576K
}
Event: 977.177 GC heap after
{Heap after GC invocations=62 (full 31):
 garbage-first heap   total 91136K, used 40542K [0x00000000c0000000, 0x0000000100000000)
  region size 1024K, 0 young (0K), 0 survivors (0K)
 Metaspace       used 61796K, committed 62592K, reserved 1114112K
  class space    used 7776K, committed 8128K, reserved 1048576K
}
Event: 987.364 GC heap before
{Heap before GC invocations=62 (full 31):
 garbage-first heap   total 91136K, used 40542K [0x00000000c0000000, 0x0000000100000000)
  region size 1024K, 1 young (1024K), 0 survivors (0K)
 Metaspace       used 61796K, committed 62592K, reserved 1114112K
  class space    used 7776K, committed 8128K, reserved 1048576K
}
Event: 987.413 GC heap after
{Heap after GC invocations=63 (full 32):
 garbage-first heap   total 91136K, used 40543K [0x00000000c0000000, 0x0000000100000000)
  region size 1024K, 0 young (0K), 0 survivors (0K)
 Metaspace       used 61796K, committed 62592K, reserved 1114112K
  class space    used 7776K, committed 8128K, reserved 1048576K
}
Event: 1117.656 GC heap before
{Heap before GC invocations=63 (full 32):
 garbage-first heap   total 91136K, used 41567K [0x00000000c0000000, 0x0000000100000000)
  region size 1024K, 2 young (2048K), 0 survivors (0K)
 Metaspace       used 61806K, committed 62592K, reserved 1114112K
  class space    used 7777K, committed 8128K, reserved 1048576K
}
Event: 1117.708 GC heap after
{Heap after GC invocations=64 (full 33):
 garbage-first heap   total 91136K, used 40554K [0x00000000c0000000, 0x0000000100000000)
  region size 1024K, 0 young (0K), 0 survivors (0K)
 Metaspace       used 61806K, committed 62592K, reserved 1114112K
  class space    used 7777K, committed 8128K, reserved 1048576K
}
Event: 1127.999 GC heap before
{Heap before GC invocations=64 (full 33):
 garbage-first heap   total 91136K, used 40554K [0x00000000c0000000, 0x0000000100000000)
  region size 1024K, 1 young (1024K), 0 survivors (0K)
 Metaspace       used 61806K, committed 62592K, reserved 1114112K
  class space    used 7777K, committed 8128K, reserved 1048576K
}
Event: 1128.077 GC heap after
{Heap after GC invocations=65 (full 34):
 garbage-first heap   total 91136K, used 40542K [0x00000000c0000000, 0x0000000100000000)
  region size 1024K, 0 young (0K), 0 survivors (0K)
 Metaspace       used 61796K, committed 62592K, reserved 1114112K
  class space    used 7776K, committed 8128K, reserved 1048576K
}
Event: 1138.288 GC heap before
{Heap before GC invocations=65 (full 34):
 garbage-first heap   total 91136K, used 40542K [0x00000000c0000000, 0x0000000100000000)
  region size 1024K, 1 young (1024K), 0 survivors (0K)
 Metaspace       used 61796K, committed 62592K, reserved 1114112K
  class space    used 7776K, committed 8128K, reserved 1048576K
}
Event: 1138.360 GC heap after
{Heap after GC invocations=66 (full 35):
 garbage-first heap   total 91136K, used 40542K [0x00000000c0000000, 0x0000000100000000)
  region size 1024K, 0 young (0K), 0 survivors (0K)
 Metaspace       used 61796K, committed 62592K, reserved 1114112K
  class space    used 7776K, committed 8128K, reserved 1048576K
}
Event: 1178.628 GC heap before
{Heap before GC invocations=66 (full 35):
 garbage-first heap   total 91136K, used 40542K [0x00000000c0000000, 0x0000000100000000)
  region size 1024K, 1 young (1024K), 0 survivors (0K)
 Metaspace       used 61796K, committed 62592K, reserved 1114112K
  class space    used 7776K, committed 8128K, reserved 1048576K
}
Event: 1178.673 GC heap after
{Heap after GC invocations=67 (full 36):
 garbage-first heap   total 91136K, used 40542K [0x00000000c0000000, 0x0000000100000000)
  region size 1024K, 0 young (0K), 0 survivors (0K)
 Metaspace       used 61796K, committed 62592K, reserved 1114112K
  class space    used 7776K, committed 8128K, reserved 1048576K
}

